Debug\Notepad++.ilk
G:\NOTEPAD_PLUS.10.SRC\POWEREDITOR\VISUAL.NET\DEBUG\ABOUTDLG.OBJ
G:\notepad_plus.10.src\PowerEditor\visual.net\Debug\cl.command.1.tlog
G:\notepad_plus.10.src\PowerEditor\visual.net\Debug\CL.read.1.tlog
G:\notepad_plus.10.src\PowerEditor\visual.net\Debug\CL.write.1.tlog
G:\NOTEPAD_PLUS.10.SRC\POWEREDITOR\VISUAL.NET\DEBUG\CONTROLSTAB.OBJ
G:\NOTEPAD_PLUS.10.SRC\POWEREDITOR\VISUAL.NET\DEBUG\DOCTABVIEW.OBJ
G:\NOTEPAD_PLUS.10.SRC\POWEREDITOR\VISUAL.NET\DEBUG\FILEDIALOG.OBJ
G:\NOTEPAD_PLUS.10.SRC\POWEREDITOR\VISUAL.NET\DEBUG\FINDREPLACEDLG.OBJ
G:\NOTEPAD_PLUS.10.SRC\POWEREDITOR\VISUAL.NET\DEBUG\IMAGELISTSET.OBJ
G:\notepad_plus.10.src\PowerEditor\visual.net\Debug\link.command.1.tlog
G:\notepad_plus.10.src\PowerEditor\visual.net\Debug\link.read.1.tlog
G:\notepad_plus.10.src\PowerEditor\visual.net\Debug\link.write.1.tlog
G:\notepad_plus.10.src\PowerEditor\visual.net\Debug\link-cvtres.read.1.tlog
G:\notepad_plus.10.src\PowerEditor\visual.net\Debug\link-cvtres.write.1.tlog
G:\notepad_plus.10.src\PowerEditor\visual.net\Debug\mt.command.1.tlog
G:\notepad_plus.10.src\PowerEditor\visual.net\Debug\mt.read.1.tlog
G:\notepad_plus.10.src\PowerEditor\visual.net\Debug\mt.write.1.tlog
G:\NOTEPAD_PLUS.10.SRC\POWEREDITOR\VISUAL.NET\DEBUG\NOTEPAD_PLUS.OBJ
G:\NOTEPAD_PLUS.10.SRC\POWEREDITOR\VISUAL.NET\DEBUG\NOTEPAD_PLUS.RES
G:\NOTEPAD_PLUS.10.SRC\POWEREDITOR\VISUAL.NET\DEBUG\NOTEPAD++.EXE
G:\NOTEPAD_PLUS.10.SRC\POWEREDITOR\VISUAL.NET\DEBUG\NOTEPAD++.EXE.EMBED.MANIFEST
G:\NOTEPAD_PLUS.10.SRC\POWEREDITOR\VISUAL.NET\DEBUG\NOTEPAD++.EXE.EMBED.MANIFEST.RES
G:\NOTEPAD_PLUS.10.SRC\POWEREDITOR\VISUAL.NET\DEBUG\NOTEPAD++.EXE.INTERMEDIATE.MANIFEST
G:\NOTEPAD_PLUS.10.SRC\POWEREDITOR\VISUAL.NET\DEBUG\NOTEPAD++.ILK
G:\notepad_plus.10.src\PowerEditor\visual.net\Debug\Notepad++_manifest.rc
G:\NOTEPAD_PLUS.10.SRC\POWEREDITOR\VISUAL.NET\DEBUG\NOTEPADPLUS.PDB
G:\notepad_plus.10.src\PowerEditor\visual.net\Debug\notepadPlus++.ilk
G:\NOTEPAD_PLUS.10.SRC\POWEREDITOR\VISUAL.NET\DEBUG\PARAMETERS.OBJ
G:\NOTEPAD_PLUS.10.SRC\POWEREDITOR\VISUAL.NET\DEBUG\PRINTER.OBJ
G:\NOTEPAD_PLUS.10.SRC\POWEREDITOR\VISUAL.NET\DEBUG\PROCESS.OBJ
G:\notepad_plus.10.src\PowerEditor\visual.net\Debug\rc.command.1.tlog
G:\notepad_plus.10.src\PowerEditor\visual.net\Debug\rc.read.1.tlog
G:\notepad_plus.10.src\PowerEditor\visual.net\Debug\rc.write.1.tlog
G:\NOTEPAD_PLUS.10.SRC\POWEREDITOR\VISUAL.NET\DEBUG\SCINTILLAEDITVIEW.OBJ
G:\NOTEPAD_PLUS.10.SRC\POWEREDITOR\VISUAL.NET\DEBUG\SPLITTER.OBJ
G:\NOTEPAD_PLUS.10.SRC\POWEREDITOR\VISUAL.NET\DEBUG\SPLITTERCONTAINER.OBJ
G:\NOTEPAD_PLUS.10.SRC\POWEREDITOR\VISUAL.NET\DEBUG\STATICDIALOG.OBJ
G:\NOTEPAD_PLUS.10.SRC\POWEREDITOR\VISUAL.NET\DEBUG\STATUSBAR.OBJ
G:\NOTEPAD_PLUS.10.SRC\POWEREDITOR\VISUAL.NET\DEBUG\SYSMSG.OBJ
G:\NOTEPAD_PLUS.10.SRC\POWEREDITOR\VISUAL.NET\DEBUG\TABBAR.OBJ
G:\NOTEPAD_PLUS.10.SRC\POWEREDITOR\VISUAL.NET\DEBUG\TOOLBAR.OBJ
G:\NOTEPAD_PLUS.10.SRC\POWEREDITOR\VISUAL.NET\DEBUG\URLCTRL.OBJ
G:\NOTEPAD_PLUS.10.SRC\POWEREDITOR\VISUAL.NET\DEBUG\USERDEFINEDIALOG.OBJ
G:\NOTEPAD_PLUS.10.SRC\POWEREDITOR\VISUAL.NET\DEBUG\USERDEFINEDIALOG.RES
G:\notepad_plus.10.src\PowerEditor\visual.net\Debug\vc100.idb
G:\NOTEPAD_PLUS.10.SRC\POWEREDITOR\VISUAL.NET\DEBUG\VC100.PDB
G:\NOTEPAD_PLUS.10.SRC\POWEREDITOR\VISUAL.NET\DEBUG\WINMAIN.OBJ
