  winmain.cpp
c:\users\keiven\downloads\notepad++.v1.0.src_vs2010\notepad_plus.10.src\powereditor\src\wincontrols\window.h(69): warning C4800: “BOOL”: 将值强制为布尔值“true”或“false”(性能警告)
c:\users\keiven\downloads\notepad++.v1.0.src_vs2010\notepad_plus.10.src\powereditor\src\scitillacomponent\buffer.h(53): warning C4996: 'strcpy': This function or variable may be unsafe. Consider using strcpy_s instead. To disable deprecation, use _CRT_SECURE_NO_WARNINGS. See online help for details.
  c:\program files (x86)\windows kits\10\include\10.0.10240.0\ucrt\string.h(119): note: 参见“strcpy”的声明
c:\users\keiven\downloads\notepad++.v1.0.src_vs2010\notepad_plus.10.src\powereditor\src\scitillacomponent\buffer.h(67): warning C4996: 'strcpy': This function or variable may be unsafe. Consider using strcpy_s instead. To disable deprecation, use _CRT_SECURE_NO_WARNINGS. See online help for details.
  c:\program files (x86)\windows kits\10\include\10.0.10240.0\ucrt\string.h(119): note: 参见“strcpy”的声明
c:\users\keiven\downloads\notepad++.v1.0.src_vs2010\notepad_plus.10.src\powereditor\src\scitillacomponent\buffer.h(78): warning C4996: 'strcpy': This function or variable may be unsafe. Consider using strcpy_s instead. To disable deprecation, use _CRT_SECURE_NO_WARNINGS. See online help for details.
  c:\program files (x86)\windows kits\10\include\10.0.10240.0\ucrt\string.h(119): note: 参见“strcpy”的声明
c:\users\keiven\downloads\notepad++.v1.0.src_vs2010\notepad_plus.10.src\powereditor\src\scitillacomponent\buffer.h(148): warning C4996: 'strncpy': This function or variable may be unsafe. Consider using strncpy_s instead. To disable deprecation, use _CRT_SECURE_NO_WARNINGS. See online help for details.
  c:\program files (x86)\windows kits\10\include\10.0.10240.0\ucrt\string.h(346): note: 参见“strncpy”的声明
c:\users\keiven\downloads\notepad++.v1.0.src_vs2010\notepad_plus.10.src\powereditor\src\wincontrols\staticdialog\staticdialog.h(32): warning C4302: “reinterpret_cast”: 从“const HWND”到“bool”截断
c:\users\keiven\downloads\notepad++.v1.0.src_vs2010\notepad_plus.10.src\powereditor\src\scitillacomponent\userdefinedialog.h(50): warning C4800: “int”: 将值强制为布尔值“true”或“false”(性能警告)
c:\users\keiven\downloads\notepad++.v1.0.src_vs2010\notepad_plus.10.src\powereditor\src\scitillacomponent\userdefinedialog.h(73): warning C4302: “reinterpret_cast”: 从“const HWND”到“bool”截断
c:\users\keiven\downloads\notepad++.v1.0.src_vs2010\notepad_plus.10.src\powereditor\src\scitillacomponent\scintillaeditview.h(215): warning C4996: 'strcpy': This function or variable may be unsafe. Consider using strcpy_s instead. To disable deprecation, use _CRT_SECURE_NO_WARNINGS. See online help for details.
  c:\program files (x86)\windows kits\10\include\10.0.10240.0\ucrt\string.h(119): note: 参见“strcpy”的声明
c:\users\keiven\downloads\notepad++.v1.0.src_vs2010\notepad_plus.10.src\powereditor\src\scitillacomponent\scintillaeditview.h(259): warning C4800: “LRESULT”: 将值强制为布尔值“true”或“false”(性能警告)
c:\users\keiven\downloads\notepad++.v1.0.src_vs2010\notepad_plus.10.src\powereditor\src\scitillacomponent\scintillaeditview.h(288): warning C4800: “LRESULT”: 将值强制为布尔值“true”或“false”(性能警告)
c:\users\keiven\downloads\notepad++.v1.0.src_vs2010\notepad_plus.10.src\powereditor\src\scitillacomponent\scintillaeditview.h(296): warning C4800: “LRESULT”: 将值强制为布尔值“true”或“false”(性能警告)
c:\users\keiven\downloads\notepad++.v1.0.src_vs2010\notepad_plus.10.src\powereditor\src\wincontrols\splittercontainer\splitter.h(87): warning C4800: “DWORD”: 将值强制为布尔值“true”或“false”(性能警告)
c:\users\keiven\downloads\notepad++.v1.0.src_vs2010\notepad_plus.10.src\powereditor\src\controlstab.h(42): warning C4800: “int”: 将值强制为布尔值“true”或“false”(性能警告)
c:\users\keiven\downloads\notepad++.v1.0.src_vs2010\notepad_plus.10.src\powereditor\src\controlstab.h(43): warning C4800: “int”: 将值强制为布尔值“true”或“false”(性能警告)
c:\users\keiven\downloads\notepad++.v1.0.src_vs2010\notepad_plus.10.src\powereditor\src\notepad_plus.h(122): warning C4800: “BOOL”: 将值强制为布尔值“true”或“false”(性能警告)
c:\users\keiven\downloads\notepad++.v1.0.src_vs2010\notepad_plus.10.src\powereditor\src\notepad_plus.h(173): warning C4996: 'strcat': This function or variable may be unsafe. Consider using strcat_s instead. To disable deprecation, use _CRT_SECURE_NO_WARNINGS. See online help for details.
  c:\program files (x86)\windows kits\10\include\10.0.10240.0\ucrt\string.h(90): note: 参见“strcat”的声明
c:\users\keiven\downloads\notepad++.v1.0.src_vs2010\notepad_plus.10.src\powereditor\src\notepad_plus.h(179): warning C4996: 'strcat': This function or variable may be unsafe. Consider using strcat_s instead. To disable deprecation, use _CRT_SECURE_NO_WARNINGS. See online help for details.
  c:\program files (x86)\windows kits\10\include\10.0.10240.0\ucrt\string.h(90): note: 参见“strcat”的声明
c:\users\keiven\downloads\notepad++.v1.0.src_vs2010\notepad_plus.10.src\powereditor\src\notepad_plus.h(185): warning C4996: 'strcat': This function or variable may be unsafe. Consider using strcat_s instead. To disable deprecation, use _CRT_SECURE_NO_WARNINGS. See online help for details.
  c:\program files (x86)\windows kits\10\include\10.0.10240.0\ucrt\string.h(90): note: 参见“strcat”的声明
c:\users\keiven\downloads\notepad++.v1.0.src_vs2010\notepad_plus.10.src\powereditor\src\winmain.cpp(74): warning C4996: 'itoa': The POSIX name for this item is deprecated. Instead, use the ISO C and C++ conformant name: _itoa. See online help for details.
  c:\program files (x86)\windows kits\10\include\10.0.10240.0\ucrt\stdlib.h(1316): note: 参见“itoa”的声明
c:\users\keiven\downloads\notepad++.v1.0.src_vs2010\notepad_plus.10.src\powereditor\src\winmain.cpp(75): warning C4996: 'strcat': This function or variable may be unsafe. Consider using strcat_s instead. To disable deprecation, use _CRT_SECURE_NO_WARNINGS. See online help for details.
  c:\program files (x86)\windows kits\10\include\10.0.10240.0\ucrt\string.h(90): note: 参见“strcat”的声明
  UserDefineDialog.cpp
c:\users\keiven\downloads\notepad++.v1.0.src_vs2010\notepad_plus.10.src\powereditor\src\wincontrols\window.h(69): warning C4800: “BOOL”: 将值强制为布尔值“true”或“false”(性能警告)
c:\users\keiven\downloads\notepad++.v1.0.src_vs2010\notepad_plus.10.src\powereditor\src\wincontrols\staticdialog\staticdialog.h(32): warning C4302: “reinterpret_cast”: 从“const HWND”到“bool”截断
c:\users\keiven\downloads\notepad++.v1.0.src_vs2010\notepad_plus.10.src\powereditor\src\scitillacomponent\userdefinedialog.h(50): warning C4800: “int”: 将值强制为布尔值“true”或“false”(性能警告)
c:\users\keiven\downloads\notepad++.v1.0.src_vs2010\notepad_plus.10.src\powereditor\src\scitillacomponent\userdefinedialog.h(73): warning C4302: “reinterpret_cast”: 从“const HWND”到“bool”截断
c:\users\keiven\downloads\notepad++.v1.0.src_vs2010\notepad_plus.10.src\powereditor\src\scitillacomponent\buffer.h(53): warning C4996: 'strcpy': This function or variable may be unsafe. Consider using strcpy_s instead. To disable deprecation, use _CRT_SECURE_NO_WARNINGS. See online help for details.
  c:\program files (x86)\windows kits\10\include\10.0.10240.0\ucrt\string.h(119): note: 参见“strcpy”的声明
c:\users\keiven\downloads\notepad++.v1.0.src_vs2010\notepad_plus.10.src\powereditor\src\scitillacomponent\buffer.h(67): warning C4996: 'strcpy': This function or variable may be unsafe. Consider using strcpy_s instead. To disable deprecation, use _CRT_SECURE_NO_WARNINGS. See online help for details.
  c:\program files (x86)\windows kits\10\include\10.0.10240.0\ucrt\string.h(119): note: 参见“strcpy”的声明
c:\users\keiven\downloads\notepad++.v1.0.src_vs2010\notepad_plus.10.src\powereditor\src\scitillacomponent\buffer.h(78): warning C4996: 'strcpy': This function or variable may be unsafe. Consider using strcpy_s instead. To disable deprecation, use _CRT_SECURE_NO_WARNINGS. See online help for details.
  c:\program files (x86)\windows kits\10\include\10.0.10240.0\ucrt\string.h(119): note: 参见“strcpy”的声明
c:\users\keiven\downloads\notepad++.v1.0.src_vs2010\notepad_plus.10.src\powereditor\src\scitillacomponent\buffer.h(148): warning C4996: 'strncpy': This function or variable may be unsafe. Consider using strncpy_s instead. To disable deprecation, use _CRT_SECURE_NO_WARNINGS. See online help for details.
  c:\program files (x86)\windows kits\10\include\10.0.10240.0\ucrt\string.h(346): note: 参见“strncpy”的声明
c:\users\keiven\downloads\notepad++.v1.0.src_vs2010\notepad_plus.10.src\powereditor\src\scitillacomponent\scintillaeditview.h(215): warning C4996: 'strcpy': This function or variable may be unsafe. Consider using strcpy_s instead. To disable deprecation, use _CRT_SECURE_NO_WARNINGS. See online help for details.
  c:\program files (x86)\windows kits\10\include\10.0.10240.0\ucrt\string.h(119): note: 参见“strcpy”的声明
c:\users\keiven\downloads\notepad++.v1.0.src_vs2010\notepad_plus.10.src\powereditor\src\scitillacomponent\scintillaeditview.h(259): warning C4800: “LRESULT”: 将值强制为布尔值“true”或“false”(性能警告)
c:\users\keiven\downloads\notepad++.v1.0.src_vs2010\notepad_plus.10.src\powereditor\src\scitillacomponent\scintillaeditview.h(288): warning C4800: “LRESULT”: 将值强制为布尔值“true”或“false”(性能警告)
c:\users\keiven\downloads\notepad++.v1.0.src_vs2010\notepad_plus.10.src\powereditor\src\scitillacomponent\scintillaeditview.h(296): warning C4800: “LRESULT”: 将值强制为布尔值“true”或“false”(性能警告)
  URLCtrl.cpp
c:\users\keiven\downloads\notepad++.v1.0.src_vs2010\notepad_plus.10.src\powereditor\src\wincontrols\window.h(69): warning C4800: “BOOL”: 将值强制为布尔值“true”或“false”(性能警告)
c:\users\keiven\downloads\notepad++.v1.0.src_vs2010\notepad_plus.10.src\powereditor\src\wincontrols\aboutdlg\urlctrl.cpp(84): warning C4996: 'strcpy': This function or variable may be unsafe. Consider using strcpy_s instead. To disable deprecation, use _CRT_SECURE_NO_WARNINGS. See online help for details.
  c:\program files (x86)\windows kits\10\include\10.0.10240.0\ucrt\string.h(119): note: 参见“strcpy”的声明
  ToolBar.cpp
c:\users\keiven\downloads\notepad++.v1.0.src_vs2010\notepad_plus.10.src\powereditor\src\wincontrols\window.h(69): warning C4800: “BOOL”: 将值强制为布尔值“true”或“false”(性能警告)
  TabBar.cpp
c:\users\keiven\downloads\notepad++.v1.0.src_vs2010\notepad_plus.10.src\powereditor\src\wincontrols\window.h(69): warning C4800: “BOOL”: 将值强制为布尔值“true”或“false”(性能警告)
c:\users\keiven\downloads\notepad++.v1.0.src_vs2010\notepad_plus.10.src\powereditor\src\wincontrols\tabbar\tabbar.cpp(377): warning C4018: “>”: 有符号/无符号不匹配
c:\users\keiven\downloads\notepad++.v1.0.src_vs2010\notepad_plus.10.src\powereditor\src\wincontrols\tabbar\tabbar.cpp(379): warning C4018: “>”: 有符号/无符号不匹配
c:\users\keiven\downloads\notepad++.v1.0.src_vs2010\notepad_plus.10.src\powereditor\src\wincontrols\tabbar\tabbar.cpp(387): warning C4018: “<”: 有符号/无符号不匹配
  SysMsg.cpp
  StatusBar.cpp
c:\users\keiven\downloads\notepad++.v1.0.src_vs2010\notepad_plus.10.src\powereditor\src\wincontrols\window.h(69): warning C4800: “BOOL”: 将值强制为布尔值“true”或“false”(性能警告)
  StaticDialog.cpp
c:\users\keiven\downloads\notepad++.v1.0.src_vs2010\notepad_plus.10.src\powereditor\src\wincontrols\window.h(69): warning C4800: “BOOL”: 将值强制为布尔值“true”或“false”(性能警告)
c:\users\keiven\downloads\notepad++.v1.0.src_vs2010\notepad_plus.10.src\powereditor\src\wincontrols\staticdialog\staticdialog.h(32): warning C4302: “reinterpret_cast”: 从“const HWND”到“bool”截断
  SplitterContainer.cpp
c:\users\keiven\downloads\notepad++.v1.0.src_vs2010\notepad_plus.10.src\powereditor\src\wincontrols\window.h(69): warning C4800: “BOOL”: 将值强制为布尔值“true”或“false”(性能警告)
c:\users\keiven\downloads\notepad++.v1.0.src_vs2010\notepad_plus.10.src\powereditor\src\wincontrols\splittercontainer\splitter.h(87): warning C4800: “DWORD”: 将值强制为布尔值“true”或“false”(性能警告)
  Splitter.cpp
c:\users\keiven\downloads\notepad++.v1.0.src_vs2010\notepad_plus.10.src\powereditor\src\wincontrols\window.h(69): warning C4800: “BOOL”: 将值强制为布尔值“true”或“false”(性能警告)
c:\users\keiven\downloads\notepad++.v1.0.src_vs2010\notepad_plus.10.src\powereditor\src\wincontrols\splittercontainer\splitter.h(87): warning C4800: “DWORD”: 将值强制为布尔值“true”或“false”(性能警告)
  ScintillaEditView.cpp
c:\users\keiven\downloads\notepad++.v1.0.src_vs2010\notepad_plus.10.src\powereditor\src\wincontrols\window.h(69): warning C4800: “BOOL”: 将值强制为布尔值“true”或“false”(性能警告)
c:\users\keiven\downloads\notepad++.v1.0.src_vs2010\notepad_plus.10.src\powereditor\src\scitillacomponent\buffer.h(53): warning C4996: 'strcpy': This function or variable may be unsafe. Consider using strcpy_s instead. To disable deprecation, use _CRT_SECURE_NO_WARNINGS. See online help for details.
  c:\program files (x86)\windows kits\10\include\10.0.10240.0\ucrt\string.h(119): note: 参见“strcpy”的声明
c:\users\keiven\downloads\notepad++.v1.0.src_vs2010\notepad_plus.10.src\powereditor\src\scitillacomponent\buffer.h(67): warning C4996: 'strcpy': This function or variable may be unsafe. Consider using strcpy_s instead. To disable deprecation, use _CRT_SECURE_NO_WARNINGS. See online help for details.
  c:\program files (x86)\windows kits\10\include\10.0.10240.0\ucrt\string.h(119): note: 参见“strcpy”的声明
c:\users\keiven\downloads\notepad++.v1.0.src_vs2010\notepad_plus.10.src\powereditor\src\scitillacomponent\buffer.h(78): warning C4996: 'strcpy': This function or variable may be unsafe. Consider using strcpy_s instead. To disable deprecation, use _CRT_SECURE_NO_WARNINGS. See online help for details.
  c:\program files (x86)\windows kits\10\include\10.0.10240.0\ucrt\string.h(119): note: 参见“strcpy”的声明
c:\users\keiven\downloads\notepad++.v1.0.src_vs2010\notepad_plus.10.src\powereditor\src\scitillacomponent\buffer.h(148): warning C4996: 'strncpy': This function or variable may be unsafe. Consider using strncpy_s instead. To disable deprecation, use _CRT_SECURE_NO_WARNINGS. See online help for details.
  c:\program files (x86)\windows kits\10\include\10.0.10240.0\ucrt\string.h(346): note: 参见“strncpy”的声明
c:\users\keiven\downloads\notepad++.v1.0.src_vs2010\notepad_plus.10.src\powereditor\src\wincontrols\staticdialog\staticdialog.h(32): warning C4302: “reinterpret_cast”: 从“const HWND”到“bool”截断
c:\users\keiven\downloads\notepad++.v1.0.src_vs2010\notepad_plus.10.src\powereditor\src\scitillacomponent\userdefinedialog.h(50): warning C4800: “int”: 将值强制为布尔值“true”或“false”(性能警告)
c:\users\keiven\downloads\notepad++.v1.0.src_vs2010\notepad_plus.10.src\powereditor\src\scitillacomponent\userdefinedialog.h(73): warning C4302: “reinterpret_cast”: 从“const HWND”到“bool”截断
c:\users\keiven\downloads\notepad++.v1.0.src_vs2010\notepad_plus.10.src\powereditor\src\scitillacomponent\scintillaeditview.h(215): warning C4996: 'strcpy': This function or variable may be unsafe. Consider using strcpy_s instead. To disable deprecation, use _CRT_SECURE_NO_WARNINGS. See online help for details.
  c:\program files (x86)\windows kits\10\include\10.0.10240.0\ucrt\string.h(119): note: 参见“strcpy”的声明
c:\users\keiven\downloads\notepad++.v1.0.src_vs2010\notepad_plus.10.src\powereditor\src\scitillacomponent\scintillaeditview.h(259): warning C4800: “LRESULT”: 将值强制为布尔值“true”或“false”(性能警告)
c:\users\keiven\downloads\notepad++.v1.0.src_vs2010\notepad_plus.10.src\powereditor\src\scitillacomponent\scintillaeditview.h(288): warning C4800: “LRESULT”: 将值强制为布尔值“true”或“false”(性能警告)
c:\users\keiven\downloads\notepad++.v1.0.src_vs2010\notepad_plus.10.src\powereditor\src\scitillacomponent\scintillaeditview.h(296): warning C4800: “LRESULT”: 将值强制为布尔值“true”或“false”(性能警告)
c:\users\keiven\downloads\notepad++.v1.0.src_vs2010\notepad_plus.10.src\powereditor\src\scitillacomponent\scintillaeditview.cpp(575): warning C4996: 'strcat': This function or variable may be unsafe. Consider using strcat_s instead. To disable deprecation, use _CRT_SECURE_NO_WARNINGS. See online help for details.
  c:\program files (x86)\windows kits\10\include\10.0.10240.0\ucrt\string.h(90): note: 参见“strcat”的声明
c:\users\keiven\downloads\notepad++.v1.0.src_vs2010\notepad_plus.10.src\powereditor\src\scitillacomponent\scintillaeditview.cpp(650): warning C4996: 'strcat': This function or variable may be unsafe. Consider using strcat_s instead. To disable deprecation, use _CRT_SECURE_NO_WARNINGS. See online help for details.
  c:\program files (x86)\windows kits\10\include\10.0.10240.0\ucrt\string.h(90): note: 参见“strcat”的声明
  Process.cpp
c:\users\keiven\downloads\notepad++.v1.0.src_vs2010\notepad_plus.10.src\powereditor\src\misc\process\process.h(35): warning C4996: 'strcpy': This function or variable may be unsafe. Consider using strcpy_s instead. To disable deprecation, use _CRT_SECURE_NO_WARNINGS. See online help for details.
  c:\program files (x86)\windows kits\10\include\10.0.10240.0\ucrt\string.h(119): note: 参见“strcpy”的声明
c:\users\keiven\downloads\notepad++.v1.0.src_vs2010\notepad_plus.10.src\powereditor\src\misc\process\process.h(36): warning C4996: 'strcpy': This function or variable may be unsafe. Consider using strcpy_s instead. To disable deprecation, use _CRT_SECURE_NO_WARNINGS. See online help for details.
  c:\program files (x86)\windows kits\10\include\10.0.10240.0\ucrt\string.h(119): note: 参见“strcpy”的声明
c:\users\keiven\downloads\notepad++.v1.0.src_vs2010\notepad_plus.10.src\powereditor\src\misc\process\process.h(57): warning C4800: “int”: 将值强制为布尔值“true”或“false”(性能警告)
c:\users\keiven\downloads\notepad++.v1.0.src_vs2010\notepad_plus.10.src\powereditor\src\misc\process\process.h(61): warning C4800: “int”: 将值强制为布尔值“true”或“false”(性能警告)
c:\users\keiven\downloads\notepad++.v1.0.src_vs2010\notepad_plus.10.src\powereditor\src\misc\process\process.cpp(127): warning C4101: “coderr”: 未引用的局部变量
  Printer.cpp
c:\users\keiven\downloads\notepad++.v1.0.src_vs2010\notepad_plus.10.src\powereditor\src\wincontrols\window.h(69): warning C4800: “BOOL”: 将值强制为布尔值“true”或“false”(性能警告)
c:\users\keiven\downloads\notepad++.v1.0.src_vs2010\notepad_plus.10.src\powereditor\src\scitillacomponent\buffer.h(53): warning C4996: 'strcpy': This function or variable may be unsafe. Consider using strcpy_s instead. To disable deprecation, use _CRT_SECURE_NO_WARNINGS. See online help for details.
  c:\program files (x86)\windows kits\10\include\10.0.10240.0\ucrt\string.h(119): note: 参见“strcpy”的声明
c:\users\keiven\downloads\notepad++.v1.0.src_vs2010\notepad_plus.10.src\powereditor\src\scitillacomponent\buffer.h(67): warning C4996: 'strcpy': This function or variable may be unsafe. Consider using strcpy_s instead. To disable deprecation, use _CRT_SECURE_NO_WARNINGS. See online help for details.
  c:\program files (x86)\windows kits\10\include\10.0.10240.0\ucrt\string.h(119): note: 参见“strcpy”的声明
c:\users\keiven\downloads\notepad++.v1.0.src_vs2010\notepad_plus.10.src\powereditor\src\scitillacomponent\buffer.h(78): warning C4996: 'strcpy': This function or variable may be unsafe. Consider using strcpy_s instead. To disable deprecation, use _CRT_SECURE_NO_WARNINGS. See online help for details.
  c:\program files (x86)\windows kits\10\include\10.0.10240.0\ucrt\string.h(119): note: 参见“strcpy”的声明
c:\users\keiven\downloads\notepad++.v1.0.src_vs2010\notepad_plus.10.src\powereditor\src\scitillacomponent\buffer.h(148): warning C4996: 'strncpy': This function or variable may be unsafe. Consider using strncpy_s instead. To disable deprecation, use _CRT_SECURE_NO_WARNINGS. See online help for details.
  c:\program files (x86)\windows kits\10\include\10.0.10240.0\ucrt\string.h(346): note: 参见“strncpy”的声明
c:\users\keiven\downloads\notepad++.v1.0.src_vs2010\notepad_plus.10.src\powereditor\src\wincontrols\staticdialog\staticdialog.h(32): warning C4302: “reinterpret_cast”: 从“const HWND”到“bool”截断
c:\users\keiven\downloads\notepad++.v1.0.src_vs2010\notepad_plus.10.src\powereditor\src\scitillacomponent\userdefinedialog.h(50): warning C4800: “int”: 将值强制为布尔值“true”或“false”(性能警告)
c:\users\keiven\downloads\notepad++.v1.0.src_vs2010\notepad_plus.10.src\powereditor\src\scitillacomponent\userdefinedialog.h(73): warning C4302: “reinterpret_cast”: 从“const HWND”到“bool”截断
c:\users\keiven\downloads\notepad++.v1.0.src_vs2010\notepad_plus.10.src\powereditor\src\scitillacomponent\scintillaeditview.h(215): warning C4996: 'strcpy': This function or variable may be unsafe. Consider using strcpy_s instead. To disable deprecation, use _CRT_SECURE_NO_WARNINGS. See online help for details.
  c:\program files (x86)\windows kits\10\include\10.0.10240.0\ucrt\string.h(119): note: 参见“strcpy”的声明
c:\users\keiven\downloads\notepad++.v1.0.src_vs2010\notepad_plus.10.src\powereditor\src\scitillacomponent\scintillaeditview.h(259): warning C4800: “LRESULT”: 将值强制为布尔值“true”或“false”(性能警告)
c:\users\keiven\downloads\notepad++.v1.0.src_vs2010\notepad_plus.10.src\powereditor\src\scitillacomponent\scintillaeditview.h(288): warning C4800: “LRESULT”: 将值强制为布尔值“true”或“false”(性能警告)
c:\users\keiven\downloads\notepad++.v1.0.src_vs2010\notepad_plus.10.src\powereditor\src\scitillacomponent\scintillaeditview.h(296): warning C4800: “LRESULT”: 将值强制为布尔值“true”或“false”(性能警告)
  Parameters.cpp
  Notepad_plus.cpp
c:\users\keiven\downloads\notepad++.v1.0.src_vs2010\notepad_plus.10.src\powereditor\src\wincontrols\window.h(69): warning C4800: “BOOL”: 将值强制为布尔值“true”或“false”(性能警告)
c:\users\keiven\downloads\notepad++.v1.0.src_vs2010\notepad_plus.10.src\powereditor\src\scitillacomponent\buffer.h(53): warning C4996: 'strcpy': This function or variable may be unsafe. Consider using strcpy_s instead. To disable deprecation, use _CRT_SECURE_NO_WARNINGS. See online help for details.
  c:\program files (x86)\windows kits\10\include\10.0.10240.0\ucrt\string.h(119): note: 参见“strcpy”的声明
c:\users\keiven\downloads\notepad++.v1.0.src_vs2010\notepad_plus.10.src\powereditor\src\scitillacomponent\buffer.h(67): warning C4996: 'strcpy': This function or variable may be unsafe. Consider using strcpy_s instead. To disable deprecation, use _CRT_SECURE_NO_WARNINGS. See online help for details.
  c:\program files (x86)\windows kits\10\include\10.0.10240.0\ucrt\string.h(119): note: 参见“strcpy”的声明
c:\users\keiven\downloads\notepad++.v1.0.src_vs2010\notepad_plus.10.src\powereditor\src\scitillacomponent\buffer.h(78): warning C4996: 'strcpy': This function or variable may be unsafe. Consider using strcpy_s instead. To disable deprecation, use _CRT_SECURE_NO_WARNINGS. See online help for details.
  c:\program files (x86)\windows kits\10\include\10.0.10240.0\ucrt\string.h(119): note: 参见“strcpy”的声明
c:\users\keiven\downloads\notepad++.v1.0.src_vs2010\notepad_plus.10.src\powereditor\src\scitillacomponent\buffer.h(148): warning C4996: 'strncpy': This function or variable may be unsafe. Consider using strncpy_s instead. To disable deprecation, use _CRT_SECURE_NO_WARNINGS. See online help for details.
  c:\program files (x86)\windows kits\10\include\10.0.10240.0\ucrt\string.h(346): note: 参见“strncpy”的声明
c:\users\keiven\downloads\notepad++.v1.0.src_vs2010\notepad_plus.10.src\powereditor\src\wincontrols\staticdialog\staticdialog.h(32): warning C4302: “reinterpret_cast”: 从“const HWND”到“bool”截断
c:\users\keiven\downloads\notepad++.v1.0.src_vs2010\notepad_plus.10.src\powereditor\src\scitillacomponent\userdefinedialog.h(50): warning C4800: “int”: 将值强制为布尔值“true”或“false”(性能警告)
c:\users\keiven\downloads\notepad++.v1.0.src_vs2010\notepad_plus.10.src\powereditor\src\scitillacomponent\userdefinedialog.h(73): warning C4302: “reinterpret_cast”: 从“const HWND”到“bool”截断
c:\users\keiven\downloads\notepad++.v1.0.src_vs2010\notepad_plus.10.src\powereditor\src\scitillacomponent\scintillaeditview.h(215): warning C4996: 'strcpy': This function or variable may be unsafe. Consider using strcpy_s instead. To disable deprecation, use _CRT_SECURE_NO_WARNINGS. See online help for details.
  c:\program files (x86)\windows kits\10\include\10.0.10240.0\ucrt\string.h(119): note: 参见“strcpy”的声明
c:\users\keiven\downloads\notepad++.v1.0.src_vs2010\notepad_plus.10.src\powereditor\src\scitillacomponent\scintillaeditview.h(259): warning C4800: “LRESULT”: 将值强制为布尔值“true”或“false”(性能警告)
c:\users\keiven\downloads\notepad++.v1.0.src_vs2010\notepad_plus.10.src\powereditor\src\scitillacomponent\scintillaeditview.h(288): warning C4800: “LRESULT”: 将值强制为布尔值“true”或“false”(性能警告)
c:\users\keiven\downloads\notepad++.v1.0.src_vs2010\notepad_plus.10.src\powereditor\src\scitillacomponent\scintillaeditview.h(296): warning C4800: “LRESULT”: 将值强制为布尔值“true”或“false”(性能警告)
c:\users\keiven\downloads\notepad++.v1.0.src_vs2010\notepad_plus.10.src\powereditor\src\wincontrols\splittercontainer\splitter.h(87): warning C4800: “DWORD”: 将值强制为布尔值“true”或“false”(性能警告)
c:\users\keiven\downloads\notepad++.v1.0.src_vs2010\notepad_plus.10.src\powereditor\src\controlstab.h(42): warning C4800: “int”: 将值强制为布尔值“true”或“false”(性能警告)
c:\users\keiven\downloads\notepad++.v1.0.src_vs2010\notepad_plus.10.src\powereditor\src\controlstab.h(43): warning C4800: “int”: 将值强制为布尔值“true”或“false”(性能警告)
c:\users\keiven\downloads\notepad++.v1.0.src_vs2010\notepad_plus.10.src\powereditor\src\notepad_plus.h(122): warning C4800: “BOOL”: 将值强制为布尔值“true”或“false”(性能警告)
c:\users\keiven\downloads\notepad++.v1.0.src_vs2010\notepad_plus.10.src\powereditor\src\notepad_plus.h(173): warning C4996: 'strcat': This function or variable may be unsafe. Consider using strcat_s instead. To disable deprecation, use _CRT_SECURE_NO_WARNINGS. See online help for details.
  c:\program files (x86)\windows kits\10\include\10.0.10240.0\ucrt\string.h(90): note: 参见“strcat”的声明
c:\users\keiven\downloads\notepad++.v1.0.src_vs2010\notepad_plus.10.src\powereditor\src\notepad_plus.h(179): warning C4996: 'strcat': This function or variable may be unsafe. Consider using strcat_s instead. To disable deprecation, use _CRT_SECURE_NO_WARNINGS. See online help for details.
  c:\program files (x86)\windows kits\10\include\10.0.10240.0\ucrt\string.h(90): note: 参见“strcat”的声明
c:\users\keiven\downloads\notepad++.v1.0.src_vs2010\notepad_plus.10.src\powereditor\src\notepad_plus.h(185): warning C4996: 'strcat': This function or variable may be unsafe. Consider using strcat_s instead. To disable deprecation, use _CRT_SECURE_NO_WARNINGS. See online help for details.
  c:\program files (x86)\windows kits\10\include\10.0.10240.0\ucrt\string.h(90): note: 参见“strcat”的声明
c:\users\keiven\downloads\notepad++.v1.0.src_vs2010\notepad_plus.10.src\powereditor\src\wincontrols\opensavefiledialog\filedialog.h(32): warning C4996: 'strcpy': This function or variable may be unsafe. Consider using strcpy_s instead. To disable deprecation, use _CRT_SECURE_NO_WARNINGS. See online help for details.
  c:\program files (x86)\windows kits\10\include\10.0.10240.0\ucrt\string.h(119): note: 参见“strcpy”的声明
c:\users\keiven\downloads\notepad++.v1.0.src_vs2010\notepad_plus.10.src\powereditor\src\misc\process\process.h(35): warning C4996: 'strcpy': This function or variable may be unsafe. Consider using strcpy_s instead. To disable deprecation, use _CRT_SECURE_NO_WARNINGS. See online help for details.
  c:\program files (x86)\windows kits\10\include\10.0.10240.0\ucrt\string.h(119): note: 参见“strcpy”的声明
c:\users\keiven\downloads\notepad++.v1.0.src_vs2010\notepad_plus.10.src\powereditor\src\misc\process\process.h(36): warning C4996: 'strcpy': This function or variable may be unsafe. Consider using strcpy_s instead. To disable deprecation, use _CRT_SECURE_NO_WARNINGS. See online help for details.
  c:\program files (x86)\windows kits\10\include\10.0.10240.0\ucrt\string.h(119): note: 参见“strcpy”的声明
c:\users\keiven\downloads\notepad++.v1.0.src_vs2010\notepad_plus.10.src\powereditor\src\misc\process\process.h(57): warning C4800: “int”: 将值强制为布尔值“true”或“false”(性能警告)
c:\users\keiven\downloads\notepad++.v1.0.src_vs2010\notepad_plus.10.src\powereditor\src\misc\process\process.h(61): warning C4800: “int”: 将值强制为布尔值“true”或“false”(性能警告)
c:\users\keiven\downloads\notepad++.v1.0.src_vs2010\notepad_plus.10.src\powereditor\src\notepad_plus.cpp(99): warning C4996: 'fopen': This function or variable may be unsafe. Consider using fopen_s instead. To disable deprecation, use _CRT_SECURE_NO_WARNINGS. See online help for details.
  c:\program files (x86)\windows kits\10\include\10.0.10240.0\ucrt\stdio.h(205): note: 参见“fopen”的声明
c:\users\keiven\downloads\notepad++.v1.0.src_vs2010\notepad_plus.10.src\powereditor\src\notepad_plus.cpp(139): warning C4996: 'strcpy': This function or variable may be unsafe. Consider using strcpy_s instead. To disable deprecation, use _CRT_SECURE_NO_WARNINGS. See online help for details.
  c:\program files (x86)\windows kits\10\include\10.0.10240.0\ucrt\string.h(119): note: 参见“strcpy”的声明
c:\users\keiven\downloads\notepad++.v1.0.src_vs2010\notepad_plus.10.src\powereditor\src\notepad_plus.cpp(141): warning C4996: 'strcat': This function or variable may be unsafe. Consider using strcat_s instead. To disable deprecation, use _CRT_SECURE_NO_WARNINGS. See online help for details.
  c:\program files (x86)\windows kits\10\include\10.0.10240.0\ucrt\string.h(90): note: 参见“strcat”的声明
c:\users\keiven\downloads\notepad++.v1.0.src_vs2010\notepad_plus.10.src\powereditor\src\notepad_plus.cpp(142): warning C4996: 'strcat': This function or variable may be unsafe. Consider using strcat_s instead. To disable deprecation, use _CRT_SECURE_NO_WARNINGS. See online help for details.
  c:\program files (x86)\windows kits\10\include\10.0.10240.0\ucrt\string.h(90): note: 参见“strcat”的声明
c:\users\keiven\downloads\notepad++.v1.0.src_vs2010\notepad_plus.10.src\powereditor\src\notepad_plus.cpp(173): warning C4996: 'fopen': This function or variable may be unsafe. Consider using fopen_s instead. To disable deprecation, use _CRT_SECURE_NO_WARNINGS. See online help for details.
  c:\program files (x86)\windows kits\10\include\10.0.10240.0\ucrt\stdio.h(205): note: 参见“fopen”的声明
c:\users\keiven\downloads\notepad++.v1.0.src_vs2010\notepad_plus.10.src\powereditor\src\notepad_plus.cpp(207): warning C4996: 'strncpy': This function or variable may be unsafe. Consider using strncpy_s instead. To disable deprecation, use _CRT_SECURE_NO_WARNINGS. See online help for details.
  c:\program files (x86)\windows kits\10\include\10.0.10240.0\ucrt\string.h(346): note: 参见“strncpy”的声明
c:\users\keiven\downloads\notepad++.v1.0.src_vs2010\notepad_plus.10.src\powereditor\src\notepad_plus.cpp(313): warning C4800: “LRESULT”: 将值强制为布尔值“true”或“false”(性能警告)
c:\users\keiven\downloads\notepad++.v1.0.src_vs2010\notepad_plus.10.src\powereditor\src\notepad_plus.cpp(329): warning C4800: “LRESULT”: 将值强制为布尔值“true”或“false”(性能警告)
c:\users\keiven\downloads\notepad++.v1.0.src_vs2010\notepad_plus.10.src\powereditor\src\notepad_plus.cpp(330): warning C4800: “LRESULT”: 将值强制为布尔值“true”或“false”(性能警告)
c:\users\keiven\downloads\notepad++.v1.0.src_vs2010\notepad_plus.10.src\powereditor\src\notepad_plus.cpp(831): warning C4800: “int”: 将值强制为布尔值“true”或“false”(性能警告)
c:\users\keiven\downloads\notepad++.v1.0.src_vs2010\notepad_plus.10.src\powereditor\src\notepad_plus.cpp(973): warning C4996: 'strcat': This function or variable may be unsafe. Consider using strcat_s instead. To disable deprecation, use _CRT_SECURE_NO_WARNINGS. See online help for details.
  c:\program files (x86)\windows kits\10\include\10.0.10240.0\ucrt\string.h(90): note: 参见“strcat”的声明
c:\users\keiven\downloads\notepad++.v1.0.src_vs2010\notepad_plus.10.src\powereditor\src\notepad_plus.cpp(974): warning C4996: 'strcat': This function or variable may be unsafe. Consider using strcat_s instead. To disable deprecation, use _CRT_SECURE_NO_WARNINGS. See online help for details.
  c:\program files (x86)\windows kits\10\include\10.0.10240.0\ucrt\string.h(90): note: 参见“strcat”的声明
c:\users\keiven\downloads\notepad++.v1.0.src_vs2010\notepad_plus.10.src\powereditor\src\notepad_plus.cpp(1143): warning C4996: 'fopen': This function or variable may be unsafe. Consider using fopen_s instead. To disable deprecation, use _CRT_SECURE_NO_WARNINGS. See online help for details.
  c:\program files (x86)\windows kits\10\include\10.0.10240.0\ucrt\stdio.h(205): note: 参见“fopen”的声明
c:\users\keiven\downloads\notepad++.v1.0.src_vs2010\notepad_plus.10.src\powereditor\src\notepad_plus.cpp(1169): warning C4996: 'strcpy': This function or variable may be unsafe. Consider using strcpy_s instead. To disable deprecation, use _CRT_SECURE_NO_WARNINGS. See online help for details.
  c:\program files (x86)\windows kits\10\include\10.0.10240.0\ucrt\string.h(119): note: 参见“strcpy”的声明
c:\users\keiven\downloads\notepad++.v1.0.src_vs2010\notepad_plus.10.src\powereditor\src\notepad_plus.cpp(1171): warning C4996: 'strcat': This function or variable may be unsafe. Consider using strcat_s instead. To disable deprecation, use _CRT_SECURE_NO_WARNINGS. See online help for details.
  c:\program files (x86)\windows kits\10\include\10.0.10240.0\ucrt\string.h(90): note: 参见“strcat”的声明
c:\users\keiven\downloads\notepad++.v1.0.src_vs2010\notepad_plus.10.src\powereditor\src\notepad_plus.cpp(1172): warning C4996: 'strcat': This function or variable may be unsafe. Consider using strcat_s instead. To disable deprecation, use _CRT_SECURE_NO_WARNINGS. See online help for details.
  c:\program files (x86)\windows kits\10\include\10.0.10240.0\ucrt\string.h(90): note: 参见“strcat”的声明
c:\users\keiven\downloads\notepad++.v1.0.src_vs2010\notepad_plus.10.src\powereditor\src\notepad_plus.cpp(1687): warning C4996: 'sprintf': This function or variable may be unsafe. Consider using sprintf_s instead. To disable deprecation, use _CRT_SECURE_NO_WARNINGS. See online help for details.
  c:\program files (x86)\windows kits\10\include\10.0.10240.0\ucrt\stdio.h(1769): note: 参见“sprintf”的声明
  ImageListSet.cpp
  FindReplaceDlg.cpp
c:\users\keiven\downloads\notepad++.v1.0.src_vs2010\notepad_plus.10.src\powereditor\src\wincontrols\window.h(69): warning C4800: “BOOL”: 将值强制为布尔值“true”或“false”(性能警告)
c:\users\keiven\downloads\notepad++.v1.0.src_vs2010\notepad_plus.10.src\powereditor\src\wincontrols\staticdialog\staticdialog.h(32): warning C4302: “reinterpret_cast”: 从“const HWND”到“bool”截断
c:\users\keiven\downloads\notepad++.v1.0.src_vs2010\notepad_plus.10.src\powereditor\src\scitillacomponent\buffer.h(53): warning C4996: 'strcpy': This function or variable may be unsafe. Consider using strcpy_s instead. To disable deprecation, use _CRT_SECURE_NO_WARNINGS. See online help for details.
  c:\program files (x86)\windows kits\10\include\10.0.10240.0\ucrt\string.h(119): note: 参见“strcpy”的声明
c:\users\keiven\downloads\notepad++.v1.0.src_vs2010\notepad_plus.10.src\powereditor\src\scitillacomponent\buffer.h(67): warning C4996: 'strcpy': This function or variable may be unsafe. Consider using strcpy_s instead. To disable deprecation, use _CRT_SECURE_NO_WARNINGS. See online help for details.
  c:\program files (x86)\windows kits\10\include\10.0.10240.0\ucrt\string.h(119): note: 参见“strcpy”的声明
c:\users\keiven\downloads\notepad++.v1.0.src_vs2010\notepad_plus.10.src\powereditor\src\scitillacomponent\buffer.h(78): warning C4996: 'strcpy': This function or variable may be unsafe. Consider using strcpy_s instead. To disable deprecation, use _CRT_SECURE_NO_WARNINGS. See online help for details.
  c:\program files (x86)\windows kits\10\include\10.0.10240.0\ucrt\string.h(119): note: 参见“strcpy”的声明
c:\users\keiven\downloads\notepad++.v1.0.src_vs2010\notepad_plus.10.src\powereditor\src\scitillacomponent\buffer.h(148): warning C4996: 'strncpy': This function or variable may be unsafe. Consider using strncpy_s instead. To disable deprecation, use _CRT_SECURE_NO_WARNINGS. See online help for details.
  c:\program files (x86)\windows kits\10\include\10.0.10240.0\ucrt\string.h(346): note: 参见“strncpy”的声明
c:\users\keiven\downloads\notepad++.v1.0.src_vs2010\notepad_plus.10.src\powereditor\src\scitillacomponent\userdefinedialog.h(50): warning C4800: “int”: 将值强制为布尔值“true”或“false”(性能警告)
c:\users\keiven\downloads\notepad++.v1.0.src_vs2010\notepad_plus.10.src\powereditor\src\scitillacomponent\userdefinedialog.h(73): warning C4302: “reinterpret_cast”: 从“const HWND”到“bool”截断
c:\users\keiven\downloads\notepad++.v1.0.src_vs2010\notepad_plus.10.src\powereditor\src\scitillacomponent\scintillaeditview.h(215): warning C4996: 'strcpy': This function or variable may be unsafe. Consider using strcpy_s instead. To disable deprecation, use _CRT_SECURE_NO_WARNINGS. See online help for details.
  c:\program files (x86)\windows kits\10\include\10.0.10240.0\ucrt\string.h(119): note: 参见“strcpy”的声明
c:\users\keiven\downloads\notepad++.v1.0.src_vs2010\notepad_plus.10.src\powereditor\src\scitillacomponent\scintillaeditview.h(259): warning C4800: “LRESULT”: 将值强制为布尔值“true”或“false”(性能警告)
c:\users\keiven\downloads\notepad++.v1.0.src_vs2010\notepad_plus.10.src\powereditor\src\scitillacomponent\scintillaeditview.h(288): warning C4800: “LRESULT”: 将值强制为布尔值“true”或“false”(性能警告)
c:\users\keiven\downloads\notepad++.v1.0.src_vs2010\notepad_plus.10.src\powereditor\src\scitillacomponent\scintillaeditview.h(296): warning C4800: “LRESULT”: 将值强制为布尔值“true”或“false”(性能警告)
c:\users\keiven\downloads\notepad++.v1.0.src_vs2010\notepad_plus.10.src\powereditor\src\scitillacomponent\findreplacedlg.cpp(166): warning C4996: 'stricmp': The POSIX name for this item is deprecated. Instead, use the ISO C and C++ conformant name: _stricmp. See online help for details.
  c:\program files (x86)\windows kits\10\include\10.0.10240.0\ucrt\string.h(568): note: 参见“stricmp”的声明
  FileDialog.cpp
c:\users\keiven\downloads\notepad++.v1.0.src_vs2010\notepad_plus.10.src\powereditor\src\wincontrols\opensavefiledialog\filedialog.h(32): warning C4996: 'strcpy': This function or variable may be unsafe. Consider using strcpy_s instead. To disable deprecation, use _CRT_SECURE_NO_WARNINGS. See online help for details.
  c:\program files (x86)\windows kits\10\include\10.0.10240.0\ucrt\string.h(119): note: 参见“strcpy”的声明
c:\users\keiven\downloads\notepad++.v1.0.src_vs2010\notepad_plus.10.src\powereditor\src\wincontrols\opensavefiledialog\filedialog.cpp(88): warning C4996: 'strcat': This function or variable may be unsafe. Consider using strcat_s instead. To disable deprecation, use _CRT_SECURE_NO_WARNINGS. See online help for details.
  c:\program files (x86)\windows kits\10\include\10.0.10240.0\ucrt\string.h(90): note: 参见“strcat”的声明
c:\users\keiven\downloads\notepad++.v1.0.src_vs2010\notepad_plus.10.src\powereditor\src\wincontrols\opensavefiledialog\filedialog.cpp(93): warning C4996: 'strcat': This function or variable may be unsafe. Consider using strcat_s instead. To disable deprecation, use _CRT_SECURE_NO_WARNINGS. See online help for details.
  c:\program files (x86)\windows kits\10\include\10.0.10240.0\ucrt\string.h(90): note: 参见“strcat”的声明
  DocTabView.cpp
c:\users\keiven\downloads\notepad++.v1.0.src_vs2010\notepad_plus.10.src\powereditor\src\wincontrols\window.h(69): warning C4800: “BOOL”: 将值强制为布尔值“true”或“false”(性能警告)
c:\users\keiven\downloads\notepad++.v1.0.src_vs2010\notepad_plus.10.src\powereditor\src\scitillacomponent\buffer.h(53): warning C4996: 'strcpy': This function or variable may be unsafe. Consider using strcpy_s instead. To disable deprecation, use _CRT_SECURE_NO_WARNINGS. See online help for details.
  c:\program files (x86)\windows kits\10\include\10.0.10240.0\ucrt\string.h(119): note: 参见“strcpy”的声明
c:\users\keiven\downloads\notepad++.v1.0.src_vs2010\notepad_plus.10.src\powereditor\src\scitillacomponent\buffer.h(67): warning C4996: 'strcpy': This function or variable may be unsafe. Consider using strcpy_s instead. To disable deprecation, use _CRT_SECURE_NO_WARNINGS. See online help for details.
  c:\program files (x86)\windows kits\10\include\10.0.10240.0\ucrt\string.h(119): note: 参见“strcpy”的声明
c:\users\keiven\downloads\notepad++.v1.0.src_vs2010\notepad_plus.10.src\powereditor\src\scitillacomponent\buffer.h(78): warning C4996: 'strcpy': This function or variable may be unsafe. Consider using strcpy_s instead. To disable deprecation, use _CRT_SECURE_NO_WARNINGS. See online help for details.
  c:\program files (x86)\windows kits\10\include\10.0.10240.0\ucrt\string.h(119): note: 参见“strcpy”的声明
c:\users\keiven\downloads\notepad++.v1.0.src_vs2010\notepad_plus.10.src\powereditor\src\scitillacomponent\buffer.h(148): warning C4996: 'strncpy': This function or variable may be unsafe. Consider using strncpy_s instead. To disable deprecation, use _CRT_SECURE_NO_WARNINGS. See online help for details.
  c:\program files (x86)\windows kits\10\include\10.0.10240.0\ucrt\string.h(346): note: 参见“strncpy”的声明
c:\users\keiven\downloads\notepad++.v1.0.src_vs2010\notepad_plus.10.src\powereditor\src\wincontrols\staticdialog\staticdialog.h(32): warning C4302: “reinterpret_cast”: 从“const HWND”到“bool”截断
c:\users\keiven\downloads\notepad++.v1.0.src_vs2010\notepad_plus.10.src\powereditor\src\scitillacomponent\userdefinedialog.h(50): warning C4800: “int”: 将值强制为布尔值“true”或“false”(性能警告)
c:\users\keiven\downloads\notepad++.v1.0.src_vs2010\notepad_plus.10.src\powereditor\src\scitillacomponent\userdefinedialog.h(73): warning C4302: “reinterpret_cast”: 从“const HWND”到“bool”截断
c:\users\keiven\downloads\notepad++.v1.0.src_vs2010\notepad_plus.10.src\powereditor\src\scitillacomponent\scintillaeditview.h(215): warning C4996: 'strcpy': This function or variable may be unsafe. Consider using strcpy_s instead. To disable deprecation, use _CRT_SECURE_NO_WARNINGS. See online help for details.
  c:\program files (x86)\windows kits\10\include\10.0.10240.0\ucrt\string.h(119): note: 参见“strcpy”的声明
c:\users\keiven\downloads\notepad++.v1.0.src_vs2010\notepad_plus.10.src\powereditor\src\scitillacomponent\scintillaeditview.h(259): warning C4800: “LRESULT”: 将值强制为布尔值“true”或“false”(性能警告)
c:\users\keiven\downloads\notepad++.v1.0.src_vs2010\notepad_plus.10.src\powereditor\src\scitillacomponent\scintillaeditview.h(288): warning C4800: “LRESULT”: 将值强制为布尔值“true”或“false”(性能警告)
c:\users\keiven\downloads\notepad++.v1.0.src_vs2010\notepad_plus.10.src\powereditor\src\scitillacomponent\scintillaeditview.h(296): warning C4800: “LRESULT”: 将值强制为布尔值“true”或“false”(性能警告)
  ControlsTab.cpp
c:\users\keiven\downloads\notepad++.v1.0.src_vs2010\notepad_plus.10.src\powereditor\src\wincontrols\window.h(69): warning C4800: “BOOL”: 将值强制为布尔值“true”或“false”(性能警告)
c:\users\keiven\downloads\notepad++.v1.0.src_vs2010\notepad_plus.10.src\powereditor\src\wincontrols\staticdialog\staticdialog.h(32): warning C4302: “reinterpret_cast”: 从“const HWND”到“bool”截断
c:\users\keiven\downloads\notepad++.v1.0.src_vs2010\notepad_plus.10.src\powereditor\src\wincontrols\splittercontainer\splitter.h(87): warning C4800: “DWORD”: 将值强制为布尔值“true”或“false”(性能警告)
c:\users\keiven\downloads\notepad++.v1.0.src_vs2010\notepad_plus.10.src\powereditor\src\controlstab.h(42): warning C4800: “int”: 将值强制为布尔值“true”或“false”(性能警告)
c:\users\keiven\downloads\notepad++.v1.0.src_vs2010\notepad_plus.10.src\powereditor\src\controlstab.h(43): warning C4800: “int”: 将值强制为布尔值“true”或“false”(性能警告)
  正在生成代码...
  正在编译...
  AboutDlg.cpp
c:\users\keiven\downloads\notepad++.v1.0.src_vs2010\notepad_plus.10.src\powereditor\src\wincontrols\window.h(69): warning C4800: “BOOL”: 将值强制为布尔值“true”或“false”(性能警告)
c:\users\keiven\downloads\notepad++.v1.0.src_vs2010\notepad_plus.10.src\powereditor\src\wincontrols\staticdialog\staticdialog.h(32): warning C4302: “reinterpret_cast”: 从“const HWND”到“bool”截断
c:\users\keiven\downloads\notepad++.v1.0.src_vs2010\notepad_plus.10.src\powereditor\src\wincontrols\aboutdlg\aboutdlg.cpp(27): warning C4129: “T”: 不可识别的字符转义序列
c:\users\keiven\downloads\notepad++.v1.0.src_vs2010\notepad_plus.10.src\powereditor\src\wincontrols\aboutdlg\aboutdlg.cpp(27): warning C4129: “Y”: 不可识别的字符转义序列
  正在生成代码...
AboutDlg.obj : warning LNK4075: 忽略“/EDITANDCONTINUE”(由于“/SAFESEH”规范)
  
  正在搜索库
      正在搜索 C:\Program Files (x86)\Windows Kits\8.1\lib\winv6.3\um\x86\comctl32.lib:
      正在搜索 C:\Program Files (x86)\Windows Kits\8.1\lib\winv6.3\um\x86\shlwapi.lib:
      正在搜索 C:\Program Files (x86)\Windows Kits\8.1\lib\winv6.3\um\x86\shell32.lib:
      正在搜索 C:\Program Files (x86)\Windows Kits\8.1\lib\winv6.3\um\x86\kernel32.lib:
      正在搜索 C:\Program Files (x86)\Windows Kits\8.1\lib\winv6.3\um\x86\user32.lib:
      正在搜索 C:\Program Files (x86)\Windows Kits\8.1\lib\winv6.3\um\x86\gdi32.lib:
      正在搜索 C:\Program Files (x86)\Windows Kits\8.1\lib\winv6.3\um\x86\winspool.lib:
      正在搜索 C:\Program Files (x86)\Windows Kits\8.1\lib\winv6.3\um\x86\comdlg32.lib:
      正在搜索 C:\Program Files (x86)\Windows Kits\8.1\lib\winv6.3\um\x86\advapi32.lib:
      正在搜索 C:\Program Files (x86)\Windows Kits\8.1\lib\winv6.3\um\x86\ole32.lib:
      正在搜索 C:\Program Files (x86)\Windows Kits\8.1\lib\winv6.3\um\x86\oleaut32.lib:
      正在搜索 C:\Program Files (x86)\Windows Kits\8.1\lib\winv6.3\um\x86\uuid.lib:
      正在搜索 C:\Program Files (x86)\Windows Kits\8.1\lib\winv6.3\um\x86\odbc32.lib:
      正在搜索 C:\Program Files (x86)\Windows Kits\8.1\lib\winv6.3\um\x86\odbccp32.lib:
      正在搜索 D:\Program Files (x86)\Microsoft Visual Studio 14.0\VC\lib\LIBCMTD.lib:
      正在搜索 D:\Program Files (x86)\Microsoft Visual Studio 14.0\VC\lib\OLDNAMES.lib:
      正在搜索 D:\Program Files (x86)\Microsoft Visual Studio 14.0\VC\lib\libcpmtd.lib:
      正在搜索 D:\Program Files (x86)\Microsoft Visual Studio 14.0\VC\lib\libvcruntimed.lib:
      正在搜索 C:\Program Files (x86)\Windows Kits\10\lib\10.0.10240.0\ucrt\x86\libucrtd.lib:
      正在搜索 C:\Program Files (x86)\Windows Kits\8.1\lib\winv6.3\um\x86\comctl32.lib:
      正在搜索 C:\Program Files (x86)\Windows Kits\8.1\lib\winv6.3\um\x86\shlwapi.lib:
      正在搜索 C:\Program Files (x86)\Windows Kits\8.1\lib\winv6.3\um\x86\shell32.lib:
      正在搜索 C:\Program Files (x86)\Windows Kits\8.1\lib\winv6.3\um\x86\kernel32.lib:
      正在搜索 C:\Program Files (x86)\Windows Kits\8.1\lib\winv6.3\um\x86\user32.lib:
      正在搜索 C:\Program Files (x86)\Windows Kits\8.1\lib\winv6.3\um\x86\gdi32.lib:
      正在搜索 C:\Program Files (x86)\Windows Kits\8.1\lib\winv6.3\um\x86\winspool.lib:
      正在搜索 C:\Program Files (x86)\Windows Kits\8.1\lib\winv6.3\um\x86\comdlg32.lib:
      正在搜索 C:\Program Files (x86)\Windows Kits\8.1\lib\winv6.3\um\x86\advapi32.lib:
      正在搜索 C:\Program Files (x86)\Windows Kits\8.1\lib\winv6.3\um\x86\ole32.lib:
      正在搜索 C:\Program Files (x86)\Windows Kits\8.1\lib\winv6.3\um\x86\oleaut32.lib:
      正在搜索 C:\Program Files (x86)\Windows Kits\8.1\lib\winv6.3\um\x86\uuid.lib:
      正在搜索 C:\Program Files (x86)\Windows Kits\8.1\lib\winv6.3\um\x86\odbc32.lib:
      正在搜索 C:\Program Files (x86)\Windows Kits\8.1\lib\winv6.3\um\x86\odbccp32.lib:
      正在搜索 D:\Program Files (x86)\Microsoft Visual Studio 14.0\VC\lib\LIBCMTD.lib:
      正在搜索 D:\Program Files (x86)\Microsoft Visual Studio 14.0\VC\lib\OLDNAMES.lib:
      正在搜索 D:\Program Files (x86)\Microsoft Visual Studio 14.0\VC\lib\libcpmtd.lib:
      正在搜索 D:\Program Files (x86)\Microsoft Visual Studio 14.0\VC\lib\libvcruntimed.lib:
      正在搜索 C:\Program Files (x86)\Windows Kits\10\lib\10.0.10240.0\ucrt\x86\libucrtd.lib:
      正在搜索 C:\Program Files (x86)\Windows Kits\8.1\lib\winv6.3\um\x86\comctl32.lib:
      正在搜索 C:\Program Files (x86)\Windows Kits\8.1\lib\winv6.3\um\x86\shlwapi.lib:
      正在搜索 C:\Program Files (x86)\Windows Kits\8.1\lib\winv6.3\um\x86\shell32.lib:
      正在搜索 C:\Program Files (x86)\Windows Kits\8.1\lib\winv6.3\um\x86\kernel32.lib:
      正在搜索 C:\Program Files (x86)\Windows Kits\8.1\lib\winv6.3\um\x86\user32.lib:
      正在搜索 C:\Program Files (x86)\Windows Kits\8.1\lib\winv6.3\um\x86\gdi32.lib:
      正在搜索 C:\Program Files (x86)\Windows Kits\8.1\lib\winv6.3\um\x86\winspool.lib:
      正在搜索 C:\Program Files (x86)\Windows Kits\8.1\lib\winv6.3\um\x86\comdlg32.lib:
      正在搜索 C:\Program Files (x86)\Windows Kits\8.1\lib\winv6.3\um\x86\advapi32.lib:
      正在搜索 C:\Program Files (x86)\Windows Kits\8.1\lib\winv6.3\um\x86\ole32.lib:
      正在搜索 C:\Program Files (x86)\Windows Kits\8.1\lib\winv6.3\um\x86\oleaut32.lib:
      正在搜索 C:\Program Files (x86)\Windows Kits\8.1\lib\winv6.3\um\x86\uuid.lib:
      正在搜索 C:\Program Files (x86)\Windows Kits\8.1\lib\winv6.3\um\x86\odbc32.lib:
      正在搜索 C:\Program Files (x86)\Windows Kits\8.1\lib\winv6.3\um\x86\odbccp32.lib:
      正在搜索 D:\Program Files (x86)\Microsoft Visual Studio 14.0\VC\lib\LIBCMTD.lib:
      正在搜索 D:\Program Files (x86)\Microsoft Visual Studio 14.0\VC\lib\OLDNAMES.lib:
      正在搜索 D:\Program Files (x86)\Microsoft Visual Studio 14.0\VC\lib\libcpmtd.lib:
  
  已完成库搜索
  
  正在搜索库
      正在搜索 C:\Program Files (x86)\Windows Kits\8.1\lib\winv6.3\um\x86\comctl32.lib:
      正在搜索 C:\Program Files (x86)\Windows Kits\8.1\lib\winv6.3\um\x86\shlwapi.lib:
      正在搜索 C:\Program Files (x86)\Windows Kits\8.1\lib\winv6.3\um\x86\shell32.lib:
      正在搜索 C:\Program Files (x86)\Windows Kits\8.1\lib\winv6.3\um\x86\kernel32.lib:
      正在搜索 C:\Program Files (x86)\Windows Kits\8.1\lib\winv6.3\um\x86\user32.lib:
      正在搜索 C:\Program Files (x86)\Windows Kits\8.1\lib\winv6.3\um\x86\gdi32.lib:
      正在搜索 C:\Program Files (x86)\Windows Kits\8.1\lib\winv6.3\um\x86\winspool.lib:
      正在搜索 C:\Program Files (x86)\Windows Kits\8.1\lib\winv6.3\um\x86\comdlg32.lib:
      正在搜索 C:\Program Files (x86)\Windows Kits\8.1\lib\winv6.3\um\x86\advapi32.lib:
      正在搜索 C:\Program Files (x86)\Windows Kits\8.1\lib\winv6.3\um\x86\ole32.lib:
      正在搜索 C:\Program Files (x86)\Windows Kits\8.1\lib\winv6.3\um\x86\oleaut32.lib:
      正在搜索 C:\Program Files (x86)\Windows Kits\8.1\lib\winv6.3\um\x86\uuid.lib:
      正在搜索 C:\Program Files (x86)\Windows Kits\8.1\lib\winv6.3\um\x86\odbc32.lib:
      正在搜索 C:\Program Files (x86)\Windows Kits\8.1\lib\winv6.3\um\x86\odbccp32.lib:
      正在搜索 D:\Program Files (x86)\Microsoft Visual Studio 14.0\VC\lib\LIBCMTD.lib:
      正在搜索 D:\Program Files (x86)\Microsoft Visual Studio 14.0\VC\lib\OLDNAMES.lib:
      正在搜索 D:\Program Files (x86)\Microsoft Visual Studio 14.0\VC\lib\libcpmtd.lib:
      正在搜索 D:\Program Files (x86)\Microsoft Visual Studio 14.0\VC\lib\libvcruntimed.lib:
      正在搜索 C:\Program Files (x86)\Windows Kits\10\lib\10.0.10240.0\ucrt\x86\libucrtd.lib:
      正在搜索 C:\Program Files (x86)\Windows Kits\8.1\lib\winv6.3\um\x86\comctl32.lib:
      正在搜索 C:\Program Files (x86)\Windows Kits\8.1\lib\winv6.3\um\x86\shlwapi.lib:
      正在搜索 C:\Program Files (x86)\Windows Kits\8.1\lib\winv6.3\um\x86\shell32.lib:
      正在搜索 C:\Program Files (x86)\Windows Kits\8.1\lib\winv6.3\um\x86\kernel32.lib:
      正在搜索 C:\Program Files (x86)\Windows Kits\8.1\lib\winv6.3\um\x86\user32.lib:
      正在搜索 C:\Program Files (x86)\Windows Kits\8.1\lib\winv6.3\um\x86\gdi32.lib:
      正在搜索 C:\Program Files (x86)\Windows Kits\8.1\lib\winv6.3\um\x86\winspool.lib:
      正在搜索 C:\Program Files (x86)\Windows Kits\8.1\lib\winv6.3\um\x86\comdlg32.lib:
      正在搜索 C:\Program Files (x86)\Windows Kits\8.1\lib\winv6.3\um\x86\advapi32.lib:
      正在搜索 C:\Program Files (x86)\Windows Kits\8.1\lib\winv6.3\um\x86\ole32.lib:
      正在搜索 C:\Program Files (x86)\Windows Kits\8.1\lib\winv6.3\um\x86\oleaut32.lib:
      正在搜索 C:\Program Files (x86)\Windows Kits\8.1\lib\winv6.3\um\x86\uuid.lib:
      正在搜索 C:\Program Files (x86)\Windows Kits\8.1\lib\winv6.3\um\x86\odbc32.lib:
      正在搜索 C:\Program Files (x86)\Windows Kits\8.1\lib\winv6.3\um\x86\odbccp32.lib:
  
  已完成库搜索
  notepadPlus.vcxproj -> C:\Users\Keiven\Downloads\Notepad++.V1.0.Src_VS2010\notepad_plus.10.src\PowerEditor\visual.net\Debug\Notepad++.exe
  notepadPlus.vcxproj -> Debug\notepadPlus.pdb (Full PDB)
